<?xml version="1.0" encoding="UTF-8"?>
<!-- Generated by org.testng.reporters.JUnitReportReporter -->
<testsuite skipped="1" hostname="ANUMITAKAUSHAL" name="com.automation.tests.UserRegistrationTests.VerifyUserRegistrationTests" tests="2" failures="0" timestamp="2020-12-25T23:17:25 EST" time="6.584" errors="0">
  <testcase name="LandOnWebsite" time="6.584" classname="com.automation.tests.UserRegistrationTests.VerifyUserRegistrationTests"/>
  <system-out/>
  <testcase name="VerifyUserRegistration" time="0.000" classname="com.automation.tests.UserRegistrationTests.VerifyUserRegistrationTests">
    <skipped/>
  </testcase> <!-- VerifyUserRegistration -->
  <system-out/>
</testsuite> <!-- com.automation.tests.UserRegistrationTests.VerifyUserRegistrationTests -->
